Looking in C:\Users\caven\AppData\Roaming\browsh\config.toml for config.
Attempting to connect to Firefox Marionette
Starting Firefox in headless mode
Using Firefox at: C:\Program Files\Mozilla Firefox\firefox.exe
Sending `WebDriver:NewSession` to Firefox Marionette
FF-MRNT: 50:{"applicationType":"gecko","marionetteProtocol":3}
Windows registry Firefox version: 147.0.1
Sending `Addon:Install` to Firefox Marionette
FF-MRNT: 766:[1,0,null,{"sessionId":"1355a111-0bf0-4b4b-8efc-13edd34776df","capabilities":{"acceptInsecureCerts":false,"browserName":"firefox","browserVersion":"147.0.1","platformName":"windows","setWindowRect":true,"unhandledPromptBehavior":"dismiss and notify","userAgent":"Mozilla/5.0 (Windows NT 10.0; Win64; x64; rv:147.0) Gecko/20100101 Firefox/147.0","moz:buildID":"20260116091309","moz:headless":true,"moz:platformVersion":"10.0","moz:processID":31212,"moz:profile":"C:\\Users\\caven\\AppData\\Roaming\\browsh\\firefox_profile","moz:shutdownTimeout":60000,"pageLoadStrategy":"normal","timeouts":{"implicit":0,"pageLoad":300000,"script":30000},"strictFileInteractability":false,"moz:accessibilityChecks":false,"moz:webdriverClick":true,"moz:windowless":false,"proxy":{}}}]
Using default profile at: C:\Users\caven\AppData\Roaming\browsh\firefox_profile
Starting Browsh CLI client
Starting websocket server...
Webextension not connected. Message not sent: /tty_size,120,80
Webextension not connected. Message not sent: /tty_size,120,80
Webextension not connected. Message not sent: /tty_size,120,80
FF-MRNT: 61:[1,1,null,{"value":"{8ff2d753-2dc8-46de-a837-fa28331d9fcf}"}]
Incoming web request from browser
WEBEXT: Webextension connected to the terminal's websocket server
Sending `Marionette:SetContext` to Firefox Marionette
TTY sending: /config,{"browsh":{"custom_css":"","use_experimental_text_visibility":false,"websocket-port":3334},"browsh_supporter":"♥","debug":true,"default_search_engine_base":"https://www.google.com/search?q=","firefox":{"path":"C:\\Program Files\\Mozilla Firefox\\firefox.exe","profile":"browsh-default","use-existing":false,"with-gui":false},"http-server":{"bind":"0.0.0.0","blocked-domains":[],"blocked-user-agents":[],"columns":100,"footer":"","header":"","jpeg_compression":0.9,"port":4333,"rate-limit":"100000000-M","render_delay":100,"rows":30,"timeout":30},"http-server-mode":false,"mobile_user_agent":"Mozilla/5.0 (Android 7.0; Mobile; rv:54.0) Gecko/58.0 Firefox/58.0","monochrome":false,"name":false,"startup-url":"https://news.ycombinator.com","time-limit":0,"tty":{"keys":{"next-tab":["\u001c","28","2"]},"small_pixel_frame_rate":250},"validurl":null,"version":false}
WEBEXT: Starting to listen to TTY
Sending `WebDriver:ExecuteScript` to Firefox Marionette
FF-MRNT: 1065:[1,2,{"error":"unsupported operation","message":"System access is required. Start Firefox with \"-remote-allow-system-access\" to enable it.","stacktrace":"RemoteError@chrome://remote/content/shared/RemoteError.sys.mjs:8:8\nWebDriverError@chrome://remote/content/shared/webdriver/Errors.sys.mjs:202:5\nUnsupportedOperationError@chrome://remote/content/shared/webdriver/Errors.sys.mjs:978:5\nassert.that/<@chrome://remote/content/shared/webdriver/Assert.sys.mjs:581:13\nassert.hasSystemAccess@chrome://remote/content/shared/webdriver/Assert.sys.mjs:136:4\nset@chrome://remote/content/marionette/driver.sys.mjs:362:19\nGeckoDriver.prototype.setContext@chrome://remote/content/marionette/driver.sys.mjs:939:3\ndispatch@chrome://remote/content/marionette/server.sys.mjs:318:40\nexecute@chrome://remote/content/marionette/server.sys.mjs:289:16\nonPacket/<@chrome://remote/content/marionette/server.sys.mjs:262:20\nonPacket@chrome://remote/content/marionette/server.sys.mjs:263:9\n_onJSONObjectReady/<@chrome://remote/content/marionette/transport.sys.mjs:494:20\n"},null]
WEBEXT: Message from terminal: /config,{"browsh":{"custom_css":"","use_experimental_text_visibility":false,"websocket-port":3334},"browsh_supporter":"♥","debug":true,"default_search_engine_base":"https://www.google.com/search?q=","firefox":{"path":"C:\\Program Files\\Mozilla Firefox\\firefox.exe","profile":"browsh-default","use-existing":false,"with-gui":false},"http-server":{"bind":"0.0.0.0","blocked-domains":[],"blocked-user-agents":[],"columns":100,"footer":"","header":"","jpeg_compression":0.9,"port":4333,"rate-limit":"100000000-M","render_delay":100,"rows":30,"timeout":30},"http-server-mode":false,"mobile_user_agent":"Mozilla/5.0 (Android 7.0; Mobile; rv:54.0) Gecko/58.0 Firefox/58.0","monochrome":false,"name":false,"startup-url":"https://news.ycombinator.com","time-limit":0,"tty":{"keys":{"next-tab":["\u001c","28","2"]},"small_pixel_frame_rate":250},"validurl":null,"version":false}
Sending `Marionette:SetContext` to Firefox Marionette
FF-MRNT: 232:[1,3,{"error":"javascript error","message":"TypeError: can't access property \"import\", Components.utils is undefined","stacktrace":"@https://www.brow.sh/docs/introduction/:3:3\n@https://www.brow.sh/docs/introduction/:6:8\n"},null]
WEBEXT: {"browsh":{"custom_css":"","use_experimental_text_visibility":false,"websocket-port":3334},"browsh_supporter":"♥","debug":true,"default_search_engine_base":"https://www.google.com/search?q=","firefox":{"path":"C:\\Program Files\\Mozilla Firefox\\firefox.exe","profile":"browsh-default","use-existing":false,"with-gui":false},"http-server":{"bind":"0.0.0.0","blocked-domains":[],"blocked-user-agents":[],"columns":100,"footer":"","header":"","jpeg_compression":0.9,"port":4333,"rate-limit":"100000000-M","render_delay":100,"rows":30,"timeout":30},"http-server-mode":false,"mobile_user_agent":"Mozilla/5.0 (Android 7.0; Mobile; rv:54.0) Gecko/58.0 Firefox/58.0","monochrome":false,"name":false,"startup-url":"https://news.ycombinator.com","time-limit":0,"tty":{"keys":{"next-tab":["\u001c","28","2"]},"small_pixel_frame_rate":250},"validurl":null,"version":false}
Sending `Marionette:SetContext` to Firefox Marionette
FF-MRNT: 25:[1,4,null,{"value":null}]
Sending `WebDriver:ExecuteScript` to Firefox Marionette
FF-MRNT: 1065:[1,5,{"error":"unsupported operation","message":"System access is required. Start Firefox with \"-remote-allow-system-access\" to enable it.","stacktrace":"RemoteError@chrome://remote/content/shared/RemoteError.sys.mjs:8:8\nWebDriverError@chrome://remote/content/shared/webdriver/Errors.sys.mjs:202:5\nUnsupportedOperationError@chrome://remote/content/shared/webdriver/Errors.sys.mjs:978:5\nassert.that/<@chrome://remote/content/shared/webdriver/Assert.sys.mjs:581:13\nassert.hasSystemAccess@chrome://remote/content/shared/webdriver/Assert.sys.mjs:136:4\nset@chrome://remote/content/marionette/driver.sys.mjs:362:19\nGeckoDriver.prototype.setContext@chrome://remote/content/marionette/driver.sys.mjs:939:3\ndispatch@chrome://remote/content/marionette/server.sys.mjs:318:40\nexecute@chrome://remote/content/marionette/server.sys.mjs:289:16\nonPacket/<@chrome://remote/content/marionette/server.sys.mjs:262:20\nonPacket@chrome://remote/content/marionette/server.sys.mjs:263:9\n_onJSONObjectReady/<@chrome://remote/content/marionette/transport.sys.mjs:494:20\n"},null]
Sending `Marionette:SetContext` to Firefox Marionette
FF-MRNT: 232:[1,6,{"error":"javascript error","message":"TypeError: can't access property \"import\", Components.utils is undefined","stacktrace":"@https://www.brow.sh/docs/introduction/:3:3\n@https://www.brow.sh/docs/introduction/:6:8\n"},null]
Sending `Marionette:SetContext` to Firefox Marionette
FF-MRNT: 25:[1,7,null,{"value":null}]
Sending `WebDriver:ExecuteScript` to Firefox Marionette
FF-MRNT: 1065:[1,8,{"error":"unsupported operation","message":"System access is required. Start Firefox with \"-remote-allow-system-access\" to enable it.","stacktrace":"RemoteError@chrome://remote/content/shared/RemoteError.sys.mjs:8:8\nWebDriverError@chrome://remote/content/shared/webdriver/Errors.sys.mjs:202:5\nUnsupportedOperationError@chrome://remote/content/shared/webdriver/Errors.sys.mjs:978:5\nassert.that/<@chrome://remote/content/shared/webdriver/Assert.sys.mjs:581:13\nassert.hasSystemAccess@chrome://remote/content/shared/webdriver/Assert.sys.mjs:136:4\nset@chrome://remote/content/marionette/driver.sys.mjs:362:19\nGeckoDriver.prototype.setContext@chrome://remote/content/marionette/driver.sys.mjs:939:3\ndispatch@chrome://remote/content/marionette/server.sys.mjs:318:40\nexecute@chrome://remote/content/marionette/server.sys.mjs:289:16\nonPacket/<@chrome://remote/content/marionette/server.sys.mjs:262:20\nonPacket@chrome://remote/content/marionette/server.sys.mjs:263:9\n_onJSONObjectReady/<@chrome://remote/content/marionette/transport.sys.mjs:494:20\n"},null]
Sending `Marionette:SetContext` to Firefox Marionette
FF-MRNT: 232:[1,9,{"error":"javascript error","message":"TypeError: can't access property \"import\", Components.utils is undefined","stacktrace":"@https://www.brow.sh/docs/introduction/:3:3\n@https://www.brow.sh/docs/introduction/:6:8\n"},null]
Sending `Marionette:SetContext` to Firefox Marionette
FF-MRNT: 26:[1,10,null,{"value":null}]
Sending `WebDriver:ExecuteScript` to Firefox Marionette
FF-MRNT: 1066:[1,11,{"error":"unsupported operation","message":"System access is required. Start Firefox with \"-remote-allow-system-access\" to enable it.","stacktrace":"RemoteError@chrome://remote/content/shared/RemoteError.sys.mjs:8:8\nWebDriverError@chrome://remote/content/shared/webdriver/Errors.sys.mjs:202:5\nUnsupportedOperationError@chrome://remote/content/shared/webdriver/Errors.sys.mjs:978:5\nassert.that/<@chrome://remote/content/shared/webdriver/Assert.sys.mjs:581:13\nassert.hasSystemAccess@chrome://remote/content/shared/webdriver/Assert.sys.mjs:136:4\nset@chrome://remote/content/marionette/driver.sys.mjs:362:19\nGeckoDriver.prototype.setContext@chrome://remote/content/marionette/driver.sys.mjs:939:3\ndispatch@chrome://remote/content/marionette/server.sys.mjs:318:40\nexecute@chrome://remote/content/marionette/server.sys.mjs:289:16\nonPacket/<@chrome://remote/content/marionette/server.sys.mjs:262:20\nonPacket@chrome://remote/content/marionette/server.sys.mjs:263:9\n_onJSONObjectReady/<@chrome://remote/content/marionette/transport.sys.mjs:494:20\n"},null]
Sending `Marionette:SetContext` to Firefox Marionette
FF-MRNT: 233:[1,12,{"error":"javascript error","message":"TypeError: can't access property \"import\", Components.utils is undefined","stacktrace":"@https://www.brow.sh/docs/introduction/:3:3\n@https://www.brow.sh/docs/introduction/:6:8\n"},null]
Sending `Marionette:SetContext` to Firefox Marionette
FF-MRNT: 26:[1,13,null,{"value":null}]
Sending `WebDriver:ExecuteScript` to Firefox Marionette
FF-MRNT: 1066:[1,14,{"error":"unsupported operation","message":"System access is required. Start Firefox with \"-remote-allow-system-access\" to enable it.","stacktrace":"RemoteError@chrome://remote/content/shared/RemoteError.sys.mjs:8:8\nWebDriverError@chrome://remote/content/shared/webdriver/Errors.sys.mjs:202:5\nUnsupportedOperationError@chrome://remote/content/shared/webdriver/Errors.sys.mjs:978:5\nassert.that/<@chrome://remote/content/shared/webdriver/Assert.sys.mjs:581:13\nassert.hasSystemAccess@chrome://remote/content/shared/webdriver/Assert.sys.mjs:136:4\nset@chrome://remote/content/marionette/driver.sys.mjs:362:19\nGeckoDriver.prototype.setContext@chrome://remote/content/marionette/driver.sys.mjs:939:3\ndispatch@chrome://remote/content/marionette/server.sys.mjs:318:40\nexecute@chrome://remote/content/marionette/server.sys.mjs:289:16\nonPacket/<@chrome://remote/content/marionette/server.sys.mjs:262:20\nonPacket@chrome://remote/content/marionette/server.sys.mjs:263:9\n_onJSONObjectReady/<@chrome://remote/content/marionette/transport.sys.mjs:494:20\n"},null]
Sending `Marionette:SetContext` to Firefox Marionette
FF-MRNT: 233:[1,15,{"error":"javascript error","message":"TypeError: can't access property \"import\", Components.utils is undefined","stacktrace":"@https://www.brow.sh/docs/introduction/:3:3\n@https://www.brow.sh/docs/introduction/:6:8\n"},null]
Sending `Marionette:SetContext` to Firefox Marionette
FF-MRNT: 26:[1,16,null,{"value":null}]
Sending `WebDriver:ExecuteScript` to Firefox Marionette
FF-MRNT: 1066:[1,17,{"error":"unsupported operation","message":"System access is required. Start Firefox with \"-remote-allow-system-access\" to enable it.","stacktrace":"RemoteError@chrome://remote/content/shared/RemoteError.sys.mjs:8:8\nWebDriverError@chrome://remote/content/shared/webdriver/Errors.sys.mjs:202:5\nUnsupportedOperationError@chrome://remote/content/shared/webdriver/Errors.sys.mjs:978:5\nassert.that/<@chrome://remote/content/shared/webdriver/Assert.sys.mjs:581:13\nassert.hasSystemAccess@chrome://remote/content/shared/webdriver/Assert.sys.mjs:136:4\nset@chrome://remote/content/marionette/driver.sys.mjs:362:19\nGeckoDriver.prototype.setContext@chrome://remote/content/marionette/driver.sys.mjs:939:3\ndispatch@chrome://remote/content/marionette/server.sys.mjs:318:40\nexecute@chrome://remote/content/marionette/server.sys.mjs:289:16\nonPacket/<@chrome://remote/content/marionette/server.sys.mjs:262:20\nonPacket@chrome://remote/content/marionette/server.sys.mjs:263:9\n_onJSONObjectReady/<@chrome://remote/content/marionette/transport.sys.mjs:494:20\n"},null]
Sending `Marionette:SetContext` to Firefox Marionette
FF-MRNT: 233:[1,18,{"error":"javascript error","message":"TypeError: can't access property \"import\", Components.utils is undefined","stacktrace":"@https://www.brow.sh/docs/introduction/:3:3\n@https://www.brow.sh/docs/introduction/:6:8\n"},null]
Sending `Marionette:SetContext` to Firefox Marionette
FF-MRNT: 26:[1,19,null,{"value":null}]
Sending `WebDriver:ExecuteScript` to Firefox Marionette
FF-MRNT: 1066:[1,20,{"error":"unsupported operation","message":"System access is required. Start Firefox with \"-remote-allow-system-access\" to enable it.","stacktrace":"RemoteError@chrome://remote/content/shared/RemoteError.sys.mjs:8:8\nWebDriverError@chrome://remote/content/shared/webdriver/Errors.sys.mjs:202:5\nUnsupportedOperationError@chrome://remote/content/shared/webdriver/Errors.sys.mjs:978:5\nassert.that/<@chrome://remote/content/shared/webdriver/Assert.sys.mjs:581:13\nassert.hasSystemAccess@chrome://remote/content/shared/webdriver/Assert.sys.mjs:136:4\nset@chrome://remote/content/marionette/driver.sys.mjs:362:19\nGeckoDriver.prototype.setContext@chrome://remote/content/marionette/driver.sys.mjs:939:3\ndispatch@chrome://remote/content/marionette/server.sys.mjs:318:40\nexecute@chrome://remote/content/marionette/server.sys.mjs:289:16\nonPacket/<@chrome://remote/content/marionette/server.sys.mjs:262:20\nonPacket@chrome://remote/content/marionette/server.sys.mjs:263:9\n_onJSONObjectReady/<@chrome://remote/content/marionette/transport.sys.mjs:494:20\n"},null]
Sending `Marionette:SetContext` to Firefox Marionette
FF-MRNT: 233:[1,21,{"error":"javascript error","message":"TypeError: can't access property \"import\", Components.utils is undefined","stacktrace":"@https://www.brow.sh/docs/introduction/:3:3\n@https://www.brow.sh/docs/introduction/:6:8\n"},null]
Sending `Marionette:SetContext` to Firefox Marionette
FF-MRNT: 26:[1,22,null,{"value":null}]
Sending `WebDriver:ExecuteScript` to Firefox Marionette
FF-MRNT: 1066:[1,23,{"error":"unsupported operation","message":"System access is required. Start Firefox with \"-remote-allow-system-access\" to enable it.","stacktrace":"RemoteError@chrome://remote/content/shared/RemoteError.sys.mjs:8:8\nWebDriverError@chrome://remote/content/shared/webdriver/Errors.sys.mjs:202:5\nUnsupportedOperationError@chrome://remote/content/shared/webdriver/Errors.sys.mjs:978:5\nassert.that/<@chrome://remote/content/shared/webdriver/Assert.sys.mjs:581:13\nassert.hasSystemAccess@chrome://remote/content/shared/webdriver/Assert.sys.mjs:136:4\nset@chrome://remote/content/marionette/driver.sys.mjs:362:19\nGeckoDriver.prototype.setContext@chrome://remote/content/marionette/driver.sys.mjs:939:3\ndispatch@chrome://remote/content/marionette/server.sys.mjs:318:40\nexecute@chrome://remote/content/marionette/server.sys.mjs:289:16\nonPacket/<@chrome://remote/content/marionette/server.sys.mjs:262:20\nonPacket@chrome://remote/content/marionette/server.sys.mjs:263:9\n_onJSONObjectReady/<@chrome://remote/content/marionette/transport.sys.mjs:494:20\n"},null]
Sending `Marionette:SetContext` to Firefox Marionette
FF-MRNT: 233:[1,24,{"error":"javascript error","message":"TypeError: can't access property \"import\", Components.utils is undefined","stacktrace":"@https://www.brow.sh/docs/introduction/:3:3\n@https://www.brow.sh/docs/introduction/:6:8\n"},null]
Sending `Marionette:SetContext` to Firefox Marionette
FF-MRNT: 26:[1,25,null,{"value":null}]
Sending `WebDriver:ExecuteScript` to Firefox Marionette
FF-MRNT: 1066:[1,26,{"error":"unsupported operation","message":"System access is required. Start Firefox with \"-remote-allow-system-access\" to enable it.","stacktrace":"RemoteError@chrome://remote/content/shared/RemoteError.sys.mjs:8:8\nWebDriverError@chrome://remote/content/shared/webdriver/Errors.sys.mjs:202:5\nUnsupportedOperationError@chrome://remote/content/shared/webdriver/Errors.sys.mjs:978:5\nassert.that/<@chrome://remote/content/shared/webdriver/Assert.sys.mjs:581:13\nassert.hasSystemAccess@chrome://remote/content/shared/webdriver/Assert.sys.mjs:136:4\nset@chrome://remote/content/marionette/driver.sys.mjs:362:19\nGeckoDriver.prototype.setContext@chrome://remote/content/marionette/driver.sys.mjs:939:3\ndispatch@chrome://remote/content/marionette/server.sys.mjs:318:40\nexecute@chrome://remote/content/marionette/server.sys.mjs:289:16\nonPacket/<@chrome://remote/content/marionette/server.sys.mjs:262:20\nonPacket@chrome://remote/content/marionette/server.sys.mjs:263:9\n_onJSONObjectReady/<@chrome://remote/content/marionette/transport.sys.mjs:494:20\n"},null]
Sending `Marionette:SetContext` to Firefox Marionette
FF-MRNT: 233:[1,27,{"error":"javascript error","message":"TypeError: can't access property \"import\", Components.utils is undefined","stacktrace":"@https://www.brow.sh/docs/introduction/:3:3\n@https://www.brow.sh/docs/introduction/:6:8\n"},null]
Sending `Marionette:SetContext` to Firefox Marionette
FF-MRNT: 26:[1,28,null,{"value":null}]
Sending `WebDriver:ExecuteScript` to Firefox Marionette
FF-MRNT: 1066:[1,29,{"error":"unsupported operation","message":"System access is required. Start Firefox with \"-remote-allow-system-access\" to enable it.","stacktrace":"RemoteError@chrome://remote/content/shared/RemoteError.sys.mjs:8:8\nWebDriverError@chrome://remote/content/shared/webdriver/Errors.sys.mjs:202:5\nUnsupportedOperationError@chrome://remote/content/shared/webdriver/Errors.sys.mjs:978:5\nassert.that/<@chrome://remote/content/shared/webdriver/Assert.sys.mjs:581:13\nassert.hasSystemAccess@chrome://remote/content/shared/webdriver/Assert.sys.mjs:136:4\nset@chrome://remote/content/marionette/driver.sys.mjs:362:19\nGeckoDriver.prototype.setContext@chrome://remote/content/marionette/driver.sys.mjs:939:3\ndispatch@chrome://remote/content/marionette/server.sys.mjs:318:40\nexecute@chrome://remote/content/marionette/server.sys.mjs:289:16\nonPacket/<@chrome://remote/content/marionette/server.sys.mjs:262:20\nonPacket@chrome://remote/content/marionette/server.sys.mjs:263:9\n_onJSONObjectReady/<@chrome://remote/content/marionette/transport.sys.mjs:494:20\n"},null]
Sending `Marionette:SetContext` to Firefox Marionette
FF-MRNT: 233:[1,30,{"error":"javascript error","message":"TypeError: can't access property \"import\", Components.utils is undefined","stacktrace":"@https://www.brow.sh/docs/introduction/:3:3\n@https://www.brow.sh/docs/introduction/:6:8\n"},null]
Sending `Marionette:SetContext` to Firefox Marionette
FF-MRNT: 26:[1,31,null,{"value":null}]
Sending `WebDriver:ExecuteScript` to Firefox Marionette
FF-MRNT: 1066:[1,32,{"error":"unsupported operation","message":"System access is required. Start Firefox with \"-remote-allow-system-access\" to enable it.","stacktrace":"RemoteError@chrome://remote/content/shared/RemoteError.sys.mjs:8:8\nWebDriverError@chrome://remote/content/shared/webdriver/Errors.sys.mjs:202:5\nUnsupportedOperationError@chrome://remote/content/shared/webdriver/Errors.sys.mjs:978:5\nassert.that/<@chrome://remote/content/shared/webdriver/Assert.sys.mjs:581:13\nassert.hasSystemAccess@chrome://remote/content/shared/webdriver/Assert.sys.mjs:136:4\nset@chrome://remote/content/marionette/driver.sys.mjs:362:19\nGeckoDriver.prototype.setContext@chrome://remote/content/marionette/driver.sys.mjs:939:3\ndispatch@chrome://remote/content/marionette/server.sys.mjs:318:40\nexecute@chrome://remote/content/marionette/server.sys.mjs:289:16\nonPacket/<@chrome://remote/content/marionette/server.sys.mjs:262:20\nonPacket@chrome://remote/content/marionette/server.sys.mjs:263:9\n_onJSONObjectReady/<@chrome://remote/content/marionette/transport.sys.mjs:494:20\n"},null]
Sending `Marionette:SetContext` to Firefox Marionette
FF-MRNT: 233:[1,33,{"error":"javascript error","message":"TypeError: can't access property \"import\", Components.utils is undefined","stacktrace":"@https://www.brow.sh/docs/introduction/:3:3\n@https://www.brow.sh/docs/introduction/:6:8\n"},null]
TTY sending: /tty_size,120,80
FF-MRNT: 26:[1,34,null,{"value":null}]
TTY sending: /new_tab,https://news.ycombinator.com
WEBEXT: Message from terminal: /tty_size,120,80
WEBEXT: Attempt to send "/tty_size,120,80" to tab without a channel
WEBEXT: Requesting browser resize for new TTY dimensions: 120x80
WEBEXT: Not resizing browser window without all of the TTY and character dimensions
WEBEXT: Message from terminal: /new_tab,https://news.ycombinator.com
WEBEXT: Tab undefined received new focus
WEBEXT: New tab created: [object Object]
WEBEXT: Tab 3 (Hacker News) registered with background process
WEBEXT: Tab 3 connected for communication with background process
WEBEXT: BACKGROUND: Frame loop starting at 250ms intervals
WEBEXT: ["3","Webextension postCommsInit()"]
WEBEXT: ["3","Sending big frames..."]
WEBEXT: ["3","Using char dims 9x15"]
WEBEXT: ["3","Actual char dims 13.333328247070312x16"]
WEBEXT: Requesting browser resize for new char dimensions: 9x20 (old: undefinedxundefined)
WEBEXT: Resizing browser window successful (1080x1620)
WEBEXT: ["3","Using char dims 9x15"]
WEBEXT: ["3","Actual char dims 13.333328247070312x16"]
WEBEXT: ["3",["position text nodes: 61ms"]]
WEBEXT: ["3",["get screenshot with text: 82ms"]]
WEBEXT: ["3","DOM LOADED"]
WEBEXT: ["3","PAGE LOADED"]
WEBEXT: Resizing browser window successful (1080x1620)
WEBEXT: ["3","Sending big frames..."]
WEBEXT: ["3",["get screenshot without text: 12ms"]]
WEBEXT: ["3",["position text nodes: 17ms"]]
WEBEXT: ["3",["get screenshot with text: 44ms"]]
WEBEXT: ["3","Sending big frames..."]
WEBEXT: ["3",["position text nodes: 22ms"]]
WEBEXT: ["3",["get screenshot with text: 57ms"]]
